TN:
SF:/Users/bastian/projekte/repoman/lib/cli.js
FN:15,_config
FN:54,_add
FN:93,(anonymous_2)
FN:103,_remove
FN:127,(anonymous_4)
FN:137,_reallyRemove
FN:139,(anonymous_6)
FN:149,_signin
FN:152,(anonymous_8)
FN:154,(anonymous_9)
FN:158,(anonymous_10)
FN:165,(anonymous_11)
FN:179,_exec
FN:199,_report
FN:213,(anonymous_14)
FN:224,_list
FN:236,(anonymous_16)
FN:237,(anonymous_17)
FN:244,_clean
FN:248,_confirm
FN:250,(anonymous_20)
FN:262,(anonymous_21)
FN:280,createRepomanInstance
FN:290,loadConfigFile
FN:314,exec
FNF:25
FNH:12
FNDA:5,_config
FNDA:0,_add
FNDA:0,(anonymous_2)
FNDA:0,_remove
FNDA:0,(anonymous_4)
FNDA:0,_reallyRemove
FNDA:0,(anonymous_6)
FNDA:0,_signin
FNDA:0,(anonymous_8)
FNDA:0,(anonymous_9)
FNDA:0,(anonymous_10)
FNDA:0,(anonymous_11)
FNDA:4,_exec
FNDA:0,_report
FNDA:0,(anonymous_14)
FNDA:2,_list
FNDA:2,(anonymous_16)
FNDA:2,(anonymous_17)
FNDA:5,_clean
FNDA:3,_confirm
FNDA:3,(anonymous_20)
FNDA:5,(anonymous_21)
FNDA:4,createRepomanInstance
FNDA:11,loadConfigFile
FNDA:17,exec
DA:1,1
DA:2,1
DA:3,1
DA:4,1
DA:5,1
DA:6,1
DA:7,1
DA:8,1
DA:16,5
DA:18,5
DA:19,0
DA:22,5
DA:23,1
DA:27,4
DA:33,1
DA:40,3
DA:41,1
DA:45,2
DA:46,1
DA:51,5
DA:55,0
DA:56,0
DA:57,0
DA:58,0
DA:60,0
DA:62,0
DA:63,0
DA:64,0
DA:66,0
DA:67,0
DA:68,0
DA:70,0
DA:71,0
DA:72,0
DA:74,0
DA:75,0
DA:76,0
DA:77,0
DA:78,0
DA:85,0
DA:86,0
DA:89,0
DA:92,0
DA:93,0
DA:94,0
DA:95,0
DA:97,0
DA:98,0
DA:104,0
DA:105,0
DA:106,0
DA:109,0
DA:110,0
DA:113,0
DA:116,0
DA:117,0
DA:119,0
DA:128,0
DA:129,0
DA:131,0
DA:138,0
DA:139,0
DA:140,0
DA:141,0
DA:143,0
DA:144,0
DA:150,0
DA:151,0
DA:152,0
DA:153,0
DA:154,0
DA:155,0
DA:156,0
DA:157,0
DA:158,0
DA:159,0
DA:165,0
DA:169,0
DA:180,4
DA:184,4
DA:185,3
DA:186,3
DA:189,4
DA:190,4
DA:191,4
DA:192,4
DA:193,1
DA:196,4
DA:200,0
DA:202,0
DA:203,0
DA:204,0
DA:207,0
DA:208,0
DA:209,0
DA:210,0
DA:213,0
DA:214,0
DA:215,0
DA:218,0
DA:219,0
DA:225,2
DA:226,2
DA:227,2
DA:228,1
DA:231,2
DA:232,2
DA:234,2
DA:237,2
DA:238,2
DA:245,5
DA:246,5
DA:249,3
DA:250,3
DA:251,3
DA:252,3
DA:253,3
DA:254,1
DA:256,2
DA:257,2
DA:262,5
DA:263,5
DA:264,4
DA:265,3
DA:269,3
DA:271,1
DA:272,1
DA:275,1
DA:281,4
DA:282,4
DA:283,4
DA:286,4
DA:287,4
DA:293,11
DA:297,11
DA:298,11
DA:300,0
DA:305,0
DA:306,0
DA:307,0
DA:309,0
DA:315,17
DA:334,17
DA:340,1
LF:144
LH:67
BRDA:18,0,0,0
BRDA:18,0,1,5
BRDA:22,1,0,1
BRDA:22,1,1,4
BRDA:22,2,0,5
BRDA:22,2,1,4
BRDA:27,3,0,1
BRDA:27,3,1,3
BRDA:28,4,0,4
BRDA:28,4,1,3
BRDA:28,4,2,3
BRDA:28,4,3,3
BRDA:40,5,0,1
BRDA:40,5,1,2
BRDA:40,6,0,3
BRDA:40,6,1,2
BRDA:45,7,0,1
BRDA:45,7,1,1
BRDA:56,8,0,0
BRDA:56,8,1,0
BRDA:57,9,0,0
BRDA:57,9,1,0
BRDA:62,10,0,0
BRDA:62,10,1,0
BRDA:62,11,0,0
BRDA:62,11,1,0
BRDA:62,11,2,0
BRDA:66,12,0,0
BRDA:66,12,1,0
BRDA:70,13,0,0
BRDA:70,13,1,0
BRDA:74,14,0,0
BRDA:74,14,1,0
BRDA:74,15,0,0
BRDA:74,15,1,0
BRDA:76,16,0,0
BRDA:76,16,1,0
BRDA:85,17,0,0
BRDA:85,17,1,0
BRDA:94,18,0,0
BRDA:94,18,1,0
BRDA:104,19,0,0
BRDA:104,19,1,0
BRDA:105,20,0,0
BRDA:105,20,1,0
BRDA:109,21,0,0
BRDA:109,21,1,0
BRDA:116,22,0,0
BRDA:116,22,1,0
BRDA:128,23,0,0
BRDA:128,23,1,0
BRDA:128,24,0,0
BRDA:128,24,1,0
BRDA:140,25,0,0
BRDA:140,25,1,0
BRDA:159,26,0,0
BRDA:159,26,1,0
BRDA:160,27,0,0
BRDA:160,27,1,0
BRDA:160,27,2,0
BRDA:160,27,3,0
BRDA:184,28,0,3
BRDA:184,28,1,1
BRDA:192,29,0,1
BRDA:192,29,1,3
BRDA:202,30,0,0
BRDA:202,30,1,0
BRDA:209,31,0,0
BRDA:209,31,1,0
BRDA:214,32,0,0
BRDA:214,32,1,0
BRDA:227,33,0,1
BRDA:227,33,1,1
BRDA:252,34,0,2
BRDA:252,34,1,1
BRDA:253,35,0,1
BRDA:253,35,1,2
BRDA:263,36,0,4
BRDA:263,36,1,1
BRDA:264,37,0,3
BRDA:264,37,1,1
BRDA:281,38,0,4
BRDA:281,38,1,3
BRDA:282,39,0,1
BRDA:282,39,1,3
BRDA:293,40,0,6
BRDA:293,40,1,5
BRDA:293,41,0,11
BRDA:293,41,1,11
BRDA:293,41,2,11
BRDA:300,42,0,0
BRDA:300,42,1,0
BRDA:301,43,0,0
BRDA:301,43,1,0
BRDA:301,43,2,0
BRF:95
BRH:40
end_of_record
TN:
SF:/Users/bastian/projekte/repoman/lib/repoman.js
FN:25,Repoman
FN:38,(anonymous_1)
FN:39,_saveConfig
FN:44,(anonymous_3)
FN:72,(anonymous_4)
FN:115,(anonymous_5)
FN:123,_addToConfig
FN:142,(anonymous_7)
FN:167,(anonymous_8)
FN:171,_removeFromConfig
FN:188,(anonymous_10)
FN:218,(anonymous_11)
FN:228,(anonymous_12)
FN:244,(anonymous_13)
FN:266,(anonymous_14)
FN:275,(anonymous_15)
FN:295,(anonymous_16)
FN:301,initReport
FN:312,addReportTask
FN:313,(anonymous_19)
FN:314,(anonymous_20)
FN:335,orDefault
FN:339,formatReport
FN:366,(anonymous_23)
FN:374,colorize
FN:394,calcWidth
FN:413,(anonymous_26)
FN:416,(anonymous_27)
FN:431,(anonymous_28)
FN:432,_dryRun
FN:433,(anonymous_30)
FN:439,_delete
FN:441,(anonymous_32)
FN:443,(anonymous_33)
FN:453,(anonymous_34)
FN:475,(anonymous_35)
FN:476,_checkKeywords
FN:516,(anonymous_37)
FN:517,selectByTags
FN:528,selectByRegex
FNF:40
FNH:21
FNDA:39,Repoman
FNDA:8,(anonymous_1)
FNDA:7,_saveConfig
FNDA:0,(anonymous_3)
FNDA:2,(anonymous_4)
FNDA:0,(anonymous_5)
FNDA:0,_addToConfig
FNDA:0,(anonymous_7)
FNDA:0,(anonymous_8)
FNDA:0,_removeFromConfig
FNDA:0,(anonymous_10)
FNDA:6,(anonymous_11)
FNDA:10,(anonymous_12)
FNDA:6,(anonymous_13)
FNDA:0,(anonymous_14)
FNDA:0,(anonymous_15)
FNDA:0,(anonymous_16)
FNDA:0,initReport
FNDA:0,addReportTask
FNDA:0,(anonymous_19)
FNDA:0,(anonymous_20)
FNDA:0,orDefault
FNDA:0,formatReport
FNDA:0,(anonymous_23)
FNDA:0,colorize
FNDA:0,calcWidth
FNDA:3,(anonymous_26)
FNDA:6,(anonymous_27)
FNDA:3,(anonymous_28)
FNDA:1,_dryRun
FNDA:4,(anonymous_30)
FNDA:1,_delete
FNDA:4,(anonymous_32)
FNDA:2,(anonymous_33)
FNDA:3,(anonymous_34)
FNDA:11,(anonymous_35)
FNDA:4,_checkKeywords
FNDA:16,(anonymous_37)
FNDA:16,selectByTags
FNDA:12,selectByRegex
DA:1,1
DA:2,1
DA:3,1
DA:4,1
DA:5,1
DA:6,1
DA:7,1
DA:8,1
DA:9,1
DA:10,1
DA:11,1
DA:12,1
DA:13,1
DA:14,1
DA:16,1
DA:18,1
DA:26,39
DA:27,39
DA:38,1
DA:40,7
DA:41,5
DA:42,2
DA:43,2
DA:44,1
DA:45,0
DA:48,2
DA:50,5
DA:52,2
DA:56,8
DA:57,1
DA:61,1
DA:65,1
DA:66,7
DA:67,2
DA:71,2
DA:73,2
DA:83,5
DA:84,2
DA:88,2
DA:89,2
DA:93,3
DA:94,2
DA:98,2
DA:99,2
DA:101,1
DA:102,1
DA:115,1
DA:116,0
DA:120,0
DA:125,0
DA:126,0
DA:127,0
DA:128,0
DA:136,0
DA:137,0
DA:138,0
DA:140,0
DA:142,0
DA:143,0
DA:144,0
DA:146,0
DA:147,0
DA:153,0
DA:154,0
DA:156,0
DA:167,1
DA:168,0
DA:173,0
DA:174,0
DA:175,0
DA:176,0
DA:184,0
DA:186,0
DA:188,0
DA:189,0
DA:190,0
DA:192,0
DA:193,0
DA:198,0
DA:199,0
DA:201,0
DA:218,1
DA:219,6
DA:221,6
DA:222,6
DA:224,6
DA:225,6
DA:226,6
DA:228,6
DA:229,10
DA:230,6
DA:233,6
DA:237,6
DA:244,6
DA:245,6
DA:246,6
DA:247,6
DA:248,6
DA:250,6
DA:255,6
DA:266,1
DA:267,0
DA:268,0
DA:270,0
DA:271,0
DA:272,0
DA:273,0
DA:275,0
DA:276,0
DA:277,0
DA:278,0
DA:279,0
DA:285,0
DA:286,0
DA:287,0
DA:288,0
DA:290,0
DA:291,0
DA:292,0
DA:295,0
DA:296,0
DA:297,0
DA:302,0
DA:303,0
DA:313,0
DA:314,0
DA:320,0
DA:321,0
DA:323,0
DA:324,0
DA:326,0
DA:327,0
DA:329,0
DA:330,0
DA:336,0
DA:340,0
DA:344,0
DA:345,0
DA:349,0
DA:351,0
DA:364,0
DA:366,0
DA:367,0
DA:371,0
DA:375,0
DA:376,0
DA:378,0
DA:380,0
DA:381,0
DA:383,0
DA:385,0
DA:387,0
DA:388,0
DA:390,0
DA:396,0
DA:400,0
DA:401,0
DA:402,0
DA:413,1
DA:414,3
DA:415,3
DA:416,3
DA:417,6
DA:418,4
DA:421,3
DA:431,1
DA:433,1
DA:434,4
DA:436,1
DA:440,1
DA:441,1
DA:442,4
DA:443,2
DA:444,2
DA:445,2
DA:449,1
DA:452,3
DA:453,3
DA:454,3
DA:455,2
DA:456,1
DA:458,1
DA:461,1
DA:475,1
DA:477,4
DA:481,4
DA:483,4
DA:484,8
DA:485,11
DA:486,3
DA:487,3
DA:491,4
DA:495,11
DA:496,7
DA:498,4
DA:499,4
DA:500,1
DA:504,11
DA:516,1
DA:518,16
DA:519,16
DA:523,4
DA:525,16
DA:529,12
DA:530,12
DA:531,4
DA:532,4
DA:533,2
DA:536,12
DA:539,16
DA:542,1
LF:211
LH:120
BRDA:26,0,0,39
BRDA:26,0,1,17
BRDA:27,1,0,39
BRDA:27,1,1,30
BRDA:40,2,0,5
BRDA:40,2,1,2
BRDA:41,3,0,2
BRDA:41,3,1,3
BRDA:43,4,0,1
BRDA:43,4,1,1
BRDA:56,5,0,1
BRDA:56,5,1,7
BRDA:66,6,0,2
BRDA:66,6,1,5
BRDA:74,7,0,1
BRDA:74,7,1,1
BRDA:75,8,0,1
BRDA:75,8,1,1
BRDA:83,9,0,2
BRDA:83,9,1,3
BRDA:90,10,0,1
BRDA:90,10,1,1
BRDA:93,11,0,2
BRDA:93,11,1,1
BRDA:125,12,0,0
BRDA:125,12,1,0
BRDA:127,13,0,0
BRDA:127,13,1,0
BRDA:143,14,0,0
BRDA:143,14,1,0
BRDA:153,15,0,0
BRDA:153,15,1,0
BRDA:173,16,0,0
BRDA:173,16,1,0
BRDA:175,17,0,0
BRDA:175,17,1,0
BRDA:189,18,0,0
BRDA:189,18,1,0
BRDA:198,19,0,0
BRDA:198,19,1,0
BRDA:219,20,0,6
BRDA:219,20,1,0
BRDA:221,21,0,6
BRDA:221,21,1,6
BRDA:222,22,0,6
BRDA:222,22,1,1
BRDA:229,23,0,6
BRDA:229,23,1,4
BRDA:233,24,0,2
BRDA:233,24,1,4
BRDA:233,25,0,6
BRDA:233,25,1,6
BRDA:233,25,2,6
BRDA:247,26,0,6
BRDA:247,26,1,0
BRDA:267,27,0,0
BRDA:267,27,1,0
BRDA:268,28,0,0
BRDA:268,28,1,0
BRDA:277,29,0,0
BRDA:277,29,1,0
BRDA:302,30,0,0
BRDA:302,30,1,0
BRDA:320,31,0,0
BRDA:320,31,1,0
BRDA:323,32,0,0
BRDA:323,32,1,0
BRDA:326,33,0,0
BRDA:326,33,1,0
BRDA:336,34,0,0
BRDA:336,34,1,0
BRDA:375,35,0,0
BRDA:375,35,1,0
BRDA:375,36,0,0
BRDA:375,36,1,0
BRDA:380,37,0,0
BRDA:380,37,1,0
BRDA:385,38,0,0
BRDA:385,38,1,0
BRDA:387,39,0,0
BRDA:387,39,1,0
BRDA:417,40,0,4
BRDA:417,40,1,2
BRDA:442,41,0,2
BRDA:442,41,1,2
BRDA:442,42,0,4
BRDA:442,42,1,2
BRDA:454,43,0,2
BRDA:454,43,1,1
BRDA:455,44,0,1
BRDA:455,44,1,1
BRDA:485,45,0,3
BRDA:485,45,1,8
BRDA:495,46,0,7
BRDA:495,46,1,4
BRDA:499,47,0,1
BRDA:499,47,1,3
BRDA:519,48,0,4
BRDA:519,48,1,12
BRDA:520,49,0,16
BRDA:520,49,1,6
BRDA:520,49,2,3
BRDA:530,50,0,4
BRDA:530,50,1,8
BRDA:532,51,0,2
BRDA:532,51,1,2
BRDA:532,52,0,4
BRDA:532,52,1,2
BRDA:539,53,0,16
BRDA:539,53,1,12
BRF:110
BRH:66
end_of_record
TN:
SF:/Users/bastian/projekte/repoman/lib/auth/github.js
FN:14,GithubAuth
FN:32,(anonymous_1)
FN:40,(anonymous_2)
FN:42,(anonymous_3)
FN:53,(anonymous_4)
FN:58,(anonymous_5)
FN:59,(anonymous_6)
FN:60,(anonymous_7)
FN:76,(anonymous_8)
FN:77,(anonymous_9)
FN:78,(anonymous_10)
FN:80,(anonymous_11)
FNF:12
FNH:4
FNDA:7,GithubAuth
FNDA:0,(anonymous_1)
FNDA:0,(anonymous_2)
FNDA:0,(anonymous_3)
FNDA:0,(anonymous_4)
FNDA:0,(anonymous_5)
FNDA:0,(anonymous_6)
FNDA:0,(anonymous_7)
FNDA:6,(anonymous_8)
FNDA:6,(anonymous_9)
FNDA:6,(anonymous_10)
FNDA:0,(anonymous_11)
DA:1,1
DA:2,1
DA:3,1
DA:4,1
DA:5,1
DA:15,7
DA:20,7
DA:21,7
DA:22,1
DA:23,1
DA:29,7
DA:32,1
DA:33,0
DA:40,1
DA:41,0
DA:42,0
DA:43,0
DA:44,0
DA:45,0
DA:47,0
DA:54,0
DA:55,0
DA:56,0
DA:58,0
DA:59,0
DA:60,0
DA:61,0
DA:62,0
DA:63,0
DA:67,0
DA:68,0
DA:69,0
DA:76,1
DA:77,6
DA:78,6
DA:79,6
DA:80,0
DA:81,0
DA:82,0
DA:84,0
DA:88,6
DA:94,1
LF:42
LH:19
BRDA:21,0,0,1
BRDA:21,0,1,6
BRDA:44,1,0,0
BRDA:44,1,1,0
BRDA:54,2,0,0
BRDA:54,2,1,0
BRDA:54,3,0,0
BRDA:54,3,1,0
BRDA:54,3,2,0
BRDA:67,4,0,0
BRDA:67,4,1,0
BRDA:79,5,0,0
BRDA:79,5,1,6
BRDA:81,6,0,0
BRDA:81,6,1,0
BRF:15
BRH:3
end_of_record
TN:
SF:/Users/bastian/projekte/repoman/lib/generator/bitbucket.js
FN:12,Bitbucket
FN:22,(anonymous_1)
FN:26,(anonymous_2)
FN:28,(anonymous_3)
FNF:4
FNH:4
FNDA:5,Bitbucket
FNDA:3,(anonymous_1)
FNDA:3,(anonymous_2)
FNDA:4,(anonymous_3)
DA:1,1
DA:2,1
DA:3,1
DA:13,5
DA:14,5
DA:22,1
DA:23,3
DA:25,3
DA:26,3
DA:27,3
DA:28,2
DA:29,4
DA:30,3
DA:35,3
DA:37,1
DA:41,3
DA:45,1
LF:17
LH:17
BRDA:27,0,0,2
BRDA:27,0,1,1
BRDA:29,1,0,3
BRDA:29,1,1,1
BRF:4
BRH:4
end_of_record
TN:
SF:/Users/bastian/projekte/repoman/lib/generator/github.js
FN:15,GitHub
FN:49,success
FN:56,error
FN:75,(anonymous_3)
FN:80,(anonymous_4)
FN:81,(anonymous_5)
FN:88,(anonymous_6)
FN:100,(anonymous_7)
FN:101,(anonymous_8)
FN:108,(anonymous_9)
FN:119,(anonymous_10)
FN:122,(anonymous_11)
FN:124,(anonymous_12)
FN:135,(anonymous_13)
FN:139,process
FN:149,check
FN:152,_do
FN:153,(anonymous_17)
FN:159,done
FNF:19
FNH:19
FNDA:8,GitHub
FNDA:1,success
FNDA:6,error
FNDA:2,(anonymous_3)
FNDA:2,(anonymous_4)
FNDA:2,(anonymous_5)
FNDA:2,(anonymous_6)
FNDA:2,(anonymous_7)
FNDA:1,(anonymous_8)
FNDA:1,(anonymous_9)
FNDA:2,(anonymous_10)
FNDA:2,(anonymous_11)
FNDA:2,(anonymous_12)
FNDA:1,(anonymous_13)
FNDA:2,process
FNDA:2,check
FNDA:1,_do
FNDA:1,(anonymous_17)
FNDA:1,done
DA:1,2
DA:2,2
DA:3,2
DA:4,2
DA:5,2
DA:6,2
DA:16,8
DA:21,8
DA:22,8
DA:23,2
DA:24,2
DA:30,8
DA:31,8
DA:33,8
DA:34,8
DA:36,1
DA:45,1
DA:47,7
DA:48,7
DA:50,1
DA:54,1
DA:59,6
DA:75,2
DA:76,2
DA:77,2
DA:80,2
DA:81,2
DA:82,2
DA:89,2
DA:90,1
DA:92,1
DA:100,2
DA:101,2
DA:102,1
DA:109,1
DA:110,1
DA:112,0
DA:119,2
DA:120,2
DA:121,2
DA:122,1
DA:124,2
DA:126,2
DA:127,2
DA:131,2
DA:135,2
DA:136,1
DA:137,1
DA:140,2
DA:145,2
DA:147,1
DA:150,2
DA:153,1
DA:154,1
DA:155,1
DA:156,1
DA:160,1
DA:162,1
DA:165,2
LF:59
LH:58
BRDA:22,0,0,2
BRDA:22,0,1,6
BRDA:34,1,0,1
BRDA:34,1,1,7
BRDA:34,2,0,8
BRDA:34,2,1,1
BRDA:89,3,0,1
BRDA:89,3,1,1
BRDA:109,4,0,1
BRDA:109,4,1,0
BRDA:121,5,0,1
BRDA:121,5,1,1
BRDA:126,6,0,2
BRDA:126,6,1,0
BRDA:126,6,2,2
BRF:15
BRH:13
end_of_record
TN:
SF:/Users/bastian/projekte/repoman/lib/generator/gitorious.js
FN:10,Gitorious
FN:20,(anonymous_1)
FN:24,(anonymous_2)
FN:25,(anonymous_3)
FN:30,(anonymous_4)
FN:33,(anonymous_5)
FN:34,(anonymous_6)
FNF:7
FNH:7
FNDA:4,Gitorious
FNDA:2,(anonymous_1)
FNDA:2,(anonymous_2)
FNDA:2,(anonymous_3)
FNDA:2,(anonymous_4)
FNDA:1,(anonymous_5)
FNDA:2,(anonymous_6)
DA:1,1
DA:2,1
DA:11,4
DA:20,1
DA:21,2
DA:22,2
DA:24,2
DA:25,2
DA:26,2
DA:30,2
DA:31,2
DA:32,2
DA:33,1
DA:34,1
DA:37,2
DA:41,2
DA:45,1
LF:17
LH:17
BRDA:32,0,0,1
BRDA:32,0,1,1
BRF:2
BRH:2
end_of_record
TN:
SF:/Users/bastian/projekte/repoman/lib/generator/local.js
FN:12,Local
FN:23,(anonymous_1)
FN:28,(anonymous_2)
FN:42,(anonymous_3)
FN:49,(anonymous_4)
FNF:5
FNH:5
FNDA:5,Local
FNDA:3,(anonymous_1)
FNDA:6,(anonymous_2)
FNDA:2,(anonymous_3)
FNDA:2,(anonymous_4)
DA:1,1
DA:2,1
DA:3,1
DA:4,1
DA:13,5
DA:23,1
DA:24,3
DA:25,3
DA:26,3
DA:28,3
DA:29,6
DA:30,6
DA:32,6
DA:33,2
DA:34,4
DA:35,2
DA:39,3
DA:42,1
DA:43,2
DA:45,2
DA:46,2
DA:49,1
DA:50,2
DA:51,2
DA:53,2
DA:56,1
LF:26
LH:26
BRDA:32,0,0,2
BRDA:32,0,1,4
BRDA:34,1,0,2
BRDA:34,1,1,2
BRDA:45,2,0,2
BRDA:45,2,1,0
BRF:6
BRH:5
end_of_record
